Determining if the pthread_create exist failed with the following output:
Change Dir: /home/sri/HRI_projects/CMakeFiles/CMakeTmp

Run Build Command:"/usr/bin/make" "cmTC_69c73/fast"
/usr/bin/make -f CMakeFiles/cmTC_69c73.dir/build.make CMakeFiles/cmTC_69c73.dir/build
make[1]: Entering directory '/home/sri/HRI_projects/CMakeFiles/CMakeTmp'
Building C object CMakeFiles/cmTC_69c73.dir/CheckSymbolExists.c.o
/usr/bin/cc     -o CMakeFiles/cmTC_69c73.dir/CheckSymbolExists.c.o   -c /home/sri/HRI_projects/CMakeFiles/CMakeTmp/CheckSymbolExists.c
Linking C executable cmTC_69c73
/usr/bin/cmake -E cmake_link_script CMakeFiles/cmTC_69c73.dir/link.txt --verbose=1
/usr/bin/cc       CMakeFiles/cmTC_69c73.dir/CheckSymbolExists.c.o  -o cmTC_69c73 -rdynamic 
CMakeFiles/cmTC_69c73.dir/CheckSymbolExists.c.o: In function `main':
CheckSymbolExists.c:(.text+0x16): undefined reference to `pthread_create'
collect2: error: ld returned 1 exit status
CMakeFiles/cmTC_69c73.dir/build.make:97: recipe for target 'cmTC_69c73' failed
make[1]: *** [cmTC_69c73] Error 1
make[1]: Leaving directory '/home/sri/HRI_projects/CMakeFiles/CMakeTmp'
Makefile:126: recipe for target 'cmTC_69c73/fast' failed
make: *** [cmTC_69c73/fast] Error 2

File /home/sri/HRI_projects/CMakeFiles/CMakeTmp/CheckSymbolExists.c:
/* */
#include <pthread.h>

int main(int argc, char** argv)
{
  (void)argv;
#ifndef pthread_create
  return ((int*)(&pthread_create))[argc];
#else
  (void)argc;
  return 0;
#endif
}

Determining if the function pthread_create exists in the pthreads failed with the following output:
Change Dir: /home/sri/HRI_projects/CMakeFiles/CMakeTmp

Run Build Command:"/usr/bin/make" "cmTC_a0502/fast"
/usr/bin/make -f CMakeFiles/cmTC_a0502.dir/build.make CMakeFiles/cmTC_a0502.dir/build
make[1]: Entering directory '/home/sri/HRI_projects/CMakeFiles/CMakeTmp'
Building C object CMakeFiles/cmTC_a0502.dir/CheckFunctionExists.c.o
/usr/bin/cc    -DCHECK_FUNCTION_EXISTS=pthread_create   -o CMakeFiles/cmTC_a0502.dir/CheckFunctionExists.c.o   -c /usr/share/cmake-3.5/Modules/CheckFunctionExists.c
Linking C executable cmTC_a0502
/usr/bin/cmake -E cmake_link_script CMakeFiles/cmTC_a0502.dir/link.txt --verbose=1
/usr/bin/cc   -DCHECK_FUNCTION_EXISTS=pthread_create    CMakeFiles/cmTC_a0502.dir/CheckFunctionExists.c.o  -o cmTC_a0502 -rdynamic -lpthreads 
/usr/bin/ld: cannot find -lpthreads
collect2: error: ld returned 1 exit status
CMakeFiles/cmTC_a0502.dir/build.make:97: recipe for target 'cmTC_a0502' failed
make[1]: *** [cmTC_a0502] Error 1
make[1]: Leaving directory '/home/sri/HRI_projects/CMakeFiles/CMakeTmp'
Makefile:126: recipe for target 'cmTC_a0502/fast' failed
make: *** [cmTC_a0502/fast] Error 2


